IQ-TREE multicore version 1.6.12 for Mac OS X 64-bit built Aug 15 2019
Developed by Bui Quang Minh, Nguyen Lam Tung, Olga Chernomor,
Heiko Schmidt, Dominik Schrempf, Michael Woodhams.

Host:    Aidyns-MacBook-Pro.local (SSE4.2, 8 GB RAM)
Command: ./iqtree -s beetles_COII_data.fasta -bb 1000 -nt AUTO
Seed:    219955 (Using SPRNG - Scalable Parallel Random Number Generator)
Time:    Tue May  2 13:54:21 2023
Kernel:  SSE2 - auto-detect threads (8 CPU cores detected)

Reading alignment file beetles_COII_data.fasta ... Fasta format detected
Alignment most likely contains DNA/RNA sequences
Alignment has 20 sequences with 553 columns, 204 distinct patterns
150 parsimony-informative, 78 singleton sites, 325 constant sites
                     Gap/Ambiguity  Composition  p-value
   1  G_viminalis_1          0.00%    passed     92.35%
   2  G_Olivacea_1           0.00%    passed     96.73%
   3  G_rufipes              0.00%    passed     99.43%
   4  G_linnaeana            0.00%    passed     95.71%
   5  G_variabilis_1         0.00%    passed     76.03%
   6  G_fornicata            0.00%    passed     82.96%
   7  G_occidentalis         0.00%    passed     97.66%
   8  G_interposita_1        0.18%    passed     87.80%
   9  G_interposita_2        0.00%    passed     98.34%
  10  G_intermedia           0.00%    passed     93.85%
  11  G_quinquepunctata_2    0.00%    passed     89.19%
  12  G_holdausi             0.00%    passed     90.36%
  13  G_pallida_2            0.36%    passed     98.00%
  14  G_pallida_3            1.27%    passed     95.24%
  15  G_tredecimmaculata     0.00%    passed     86.21%
  16  G_nigropiagiata        0.00%    passed     95.29%
  17  G_kamikawai            0.00%    passed     96.12%
  18  G_rubripennis          0.00%    passed     88.76%
  19  Oreina_cacaiiae        0.00%    passed     89.38%
  20  Chrysomela_tremula     0.00%    passed     48.12%
****  TOTAL                  0.09%  0 sequences failed composition chi2 test (p-value<5%; df=3)


Create initial parsimony tree by phylogenetic likelihood library (PLL)... 0.001 seconds
NOTE: ModelFinder requires 2 MB RAM!
ModelFinder will test 286 DNA models (sample size: 553) ...
 No. Model         -LnL         df  AIC          AICc         BIC
Measuring multi-threading efficiency up to 8 CPU cores
Increase to 10 rounds for branch lengths
4590 trees examined
Threads: 1 / Time: 8.001 sec / Speedup: 1.000 / Efficiency: 100% / LogL: -4911
Threads: 2 / Time: 6.693 sec / Speedup: 1.195 / Efficiency: 60% / LogL: -4911
Threads: 3 / Time: 6.326 sec / Speedup: 1.265 / Efficiency: 42% / LogL: -4911
BEST NUMBER OF THREADS: 2

  1  JC            4062.776     37  8199.553     8205.013     8359.221
  2  JC+I          3809.450     38  7694.899     7700.666     7858.883
  3  JC+G4         3766.492     38  7608.984     7614.750     7772.967
  4  JC+I+G4       3763.459     39  7604.919     7611.001     7773.218
  5  JC+R2         3771.252     39  7620.504     7626.586     7788.803
  6  JC+R3         3763.164     41  7608.328     7615.068     7785.258
  7  JC+R4         3763.107     43  7612.215     7619.649     7797.775
 14  F81+F         3989.365     40  8058.729     8065.135     8231.344
 15  F81+F+I       3701.500     41  7484.999     7491.739     7661.929
 16  F81+F+G4      3646.779     41  7375.557     7382.297     7552.487
 17  F81+F+I+G4    3643.087     42  7370.174     7377.256     7551.419
 18  F81+F+R2      3654.003     42  7392.006     7399.088     7573.251
 19  F81+F+R3      3642.259     44  7372.518     7380.313     7562.394
 20  F81+F+R4      3642.254     46  7376.509     7385.054     7575.015
 27  K2P           3996.473     38  8068.946     8074.712     8232.929
 28  K2P+I         3741.647     39  7561.294     7567.376     7729.593
 29  K2P+G4        3695.557     39  7469.114     7475.196     7637.413
 30  K2P+I+G4      3691.035     40  7462.070     7468.477     7634.685
 31  K2P+R2        3701.282     40  7482.564     7488.970     7655.178
 32  K2P+R3        3689.815     42  7463.630     7470.713     7644.875
 33  K2P+R4        3689.774     44  7467.547     7475.342     7657.423
 40  HKY+F         3880.001     41  7842.003     7848.743     8018.933
 41  HKY+F+I       3560.106     42  7204.211     7211.294     7385.456
 42  HKY+F+G4      3489.194     42  7062.388     7069.471     7243.633
 43  HKY+F+I+G4    3480.878     43  7047.756     7055.190     7233.316
 44  HKY+F+R2      3502.832     43  7091.663     7099.097     7277.223
 45  HKY+F+R3      3478.863     45  7047.726     7055.891     7241.917
 46  HKY+F+R4      3478.837     47  7051.674     7060.609     7254.496
 53  TNe           3963.804     39  8005.609     8011.691     8173.908
 54  TNe+I         3715.582     40  7511.164     7517.571     7683.779
 55  TNe+G4        3663.096     40  7406.191     7412.597     7578.805
 56  TNe+I+G4      3654.705     41  7391.410     7398.150     7568.340
 57  TNe+R2        3675.230     41  7432.461     7439.200     7609.390
 58  TNe+R3        3649.158     43  7384.316     7391.750     7569.877
 59  TNe+R4        3649.135     45  7388.270     7396.436     7582.461
 66  TN+F          3864.168     42  7812.335     7819.417     7993.580
 67  TN+F+I        3549.491     43  7184.982     7192.416     7370.543
 68  TN+F+G4       3477.384     43  7040.768     7048.202     7226.328
 69  TN+F+I+G4     3464.930     44  7017.859     7025.654     7207.735
 70  TN+F+R2       3494.774     44  7077.548     7085.343     7267.424
 71  TN+F+R3       3460.902     46  7013.804     7022.350     7212.311
 72  TN+F+R4       3460.638     48  7017.276     7026.609     7224.413
 79  K3P           3941.180     39  7960.360     7966.442     8128.659
 80  K3P+I         3681.871     40  7443.742     7450.149     7616.357
 81  K3P+G4        3634.681     40  7349.362     7355.768     7521.976
 82  K3P+I+G4      3629.902     41  7341.804     7348.543     7518.733
 83  K3P+R2        3640.725     41  7363.450     7370.189     7540.379
 84  K3P+R3        3628.862     43  7343.724     7351.158     7529.285
 85  K3P+R4        3628.858     45  7347.715     7355.881     7541.906
 92  K3Pu+F        3861.056     42  7806.112     7813.195     7987.357
 93  K3Pu+F+I      3550.601     43  7187.202     7194.636     7372.763
 94  K3Pu+F+G4     3482.197     43  7050.394     7057.828     7235.954
 95  K3Pu+F+I+G4   3474.592     44  7037.184     7044.979     7227.059
 96  K3Pu+F+R2     3495.205     44  7078.411     7086.206     7268.287
 97  K3Pu+F+R3     3472.440     46  7036.880     7045.426     7235.387
 98  K3Pu+F+R4     3472.381     48  7040.762     7050.095     7247.899
105  TPM2+F        3850.275     42  7784.550     7791.633     7965.795
106  TPM2+F+I      3540.949     43  7167.898     7175.332     7353.459
107  TPM2+F+G4     3479.103     43  7044.207     7051.641     7229.767
108  TPM2+F+I+G4   3472.600     44  7033.200     7040.996     7223.076
109  TPM2+F+R2     3489.731     44  7067.462     7075.258     7257.338
110  TPM2+F+R3     3471.407     46  7034.815     7043.360     7233.321
111  TPM2+F+R4     3471.330     48  7038.660     7047.994     7245.797
118  TPM2u+F       3850.273     42  7784.546     7791.629     7965.791
119  TPM2u+F+I     3540.950     43  7167.900     7175.334     7353.460
120  TPM2u+F+G4    3479.104     43  7044.209     7051.643     7229.769
121  TPM2u+F+I+G4  3472.601     44  7033.201     7040.997     7223.077
122  TPM2u+F+R2    3489.729     44  7067.458     7075.254     7257.334
123  TPM2u+F+R3    3471.366     46  7034.732     7043.278     7233.239
124  TPM2u+F+R4    3471.346     48  7038.691     7048.024     7245.828
131  TPM3+F        3874.057     42  7832.114     7839.196     8013.359
132  TPM3+F+I      3559.582     43  7205.164     7212.598     7390.725
133  TPM3+F+G4     3488.871     43  7063.742     7071.176     7249.303
134  TPM3+F+I+G4   3480.593     44  7049.187     7056.982     7239.062
135  TPM3+F+R2     3502.684     44  7093.368     7101.163     7283.243
136  TPM3+F+R3     3478.477     46  7048.953     7057.499     7247.460
137  TPM3+F+R4     3478.411     48  7052.823     7062.156     7259.960
144  TPM3u+F       3874.057     42  7832.113     7839.195     8013.358
145  TPM3u+F+I     3559.581     43  7205.161     7212.595     7390.721
146  TPM3u+F+G4    3488.870     43  7063.740     7071.174     7249.300
147  TPM3u+F+I+G4  3480.575     44  7049.149     7056.945     7239.025
148  TPM3u+F+R2    3502.684     44  7093.368     7101.163     7283.243
149  TPM3u+F+R3    3478.434     46  7048.869     7057.414     7247.375
150  TPM3u+F+R4    3478.381     48  7052.763     7062.096     7259.900
157  TIMe          3907.288     40  7894.576     7900.982     8067.190
158  TIMe+I        3654.189     41  7390.378     7397.118     7567.308
159  TIMe+G4       3601.660     41  7285.319     7292.059     7462.249
160  TIMe+I+G4     3593.591     42  7271.183     7278.265     7452.428
161  TIMe+R2       3613.704     42  7311.408     7318.490     7492.653
162  TIMe+R3       3589.487     44  7266.973     7274.769     7456.849
163  TIMe+R4       3589.453     46  7270.907     7279.452     7469.413
170  TIM+F         3844.902     43  7775.804     7783.238     7961.365
171  TIM+F+I       3539.259     44  7166.518     7174.313     7356.394
172  TIM+F+G4      3468.917     44  7025.834     7033.629     7215.710
173  TIM+F+I+G4    3457.529     45  7005.058     7013.224     7199.249
174  TIM+F+R2      3484.715     45  7059.431     7067.596     7253.622
175  TIM+F+R3      3453.037     47  7000.075     7009.009     7202.897
176  TIM+F+R4      3452.996     49  7003.993     7013.734     7215.445
183  TIM2e         3888.299     40  7856.599     7863.005     8029.213
184  TIM2e+I       3644.593     41  7371.187     7377.926     7548.116
185  TIM2e+G4      3595.369     41  7272.738     7279.478     7449.668
186  TIM2e+I+G4    3590.392     42  7264.783     7271.865     7446.028
187  TIM2e+R2      3603.494     42  7290.989     7298.071     7472.234
188  TIM2e+R3      3588.104     44  7264.208     7272.003     7454.084
189  TIM2e+R4      3588.102     46  7268.203     7276.749     7466.710
196  TIM2+F        3835.055     43  7756.110     7763.544     7941.670
197  TIM2+F+I      3530.882     44  7149.765     7157.560     7339.640
198  TIM2+F+G4     3465.624     44  7019.248     7027.043     7209.123
199  TIM2+F+I+G4   3454.720     45  6999.439     7007.605     7193.630
200  TIM2+F+R2     3479.012     45  7048.024     7056.190     7242.215
201  TIM2+F+R3     3450.711     47  6995.422     7004.357     7198.244
202  TIM2+F+R4     3450.673     49  6999.346     7009.087     7210.798
209  TIM3e         3937.908     40  7955.816     7962.222     8128.430
210  TIM3e+I       3703.598     41  7489.195     7495.935     7666.125
211  TIM3e+G4      3646.460     41  7374.920     7381.660     7551.850
212  TIM3e+I+G4    3637.794     42  7359.589     7366.671     7540.834
213  TIM3e+R2      3660.767     42  7405.535     7412.617     7586.780
214  TIM3e+R3      3631.066     44  7350.133     7357.928     7540.009
215  TIM3e+R4      3631.059     46  7354.118     7362.663     7552.624
222  TIM3+F        3858.091     43  7802.183     7809.617     7987.743
223  TIM3+F+I      3548.899     44  7185.798     7193.593     7375.673
224  TIM3+F+G4     3477.223     44  7042.445     7050.241     7232.321
225  TIM3+F+I+G4   3464.860     45  7019.721     7027.886     7213.912
226  TIM3+F+R2     3494.497     45  7078.994     7087.160     7273.185
227  TIM3+F+R3     3460.825     47  7015.651     7024.586     7218.473
228  TIM3+F+R4     3459.985     49  7017.970     7027.712     7229.423
235  TVMe          3886.996     41  7855.992     7862.731     8032.921
236  TVMe+I        3647.165     42  7378.330     7385.412     7559.575
237  TVMe+G4       3597.921     42  7279.841     7286.924     7461.086
238  TVMe+I+G4     3594.938     43  7275.876     7283.310     7461.437
239  TVMe+R2       3602.644     43  7291.287     7298.722     7476.848
240  TVMe+R3       3594.156     45  7278.311     7286.477     7472.502
241  TVMe+R4       3594.091     47  7282.182     7291.117     7485.004
248  TVM+F         3843.560     44  7775.120     7782.915     7964.996
249  TVM+F+I       3539.765     45  7169.530     7177.695     7363.721
250  TVM+F+G4      3476.505     45  7043.010     7051.176     7237.201
251  TVM+F+I+G4    3469.314     46  7030.628     7039.173     7229.134
252  TVM+F+R2      3487.022     46  7066.044     7074.589     7264.550
253  TVM+F+R3      3468.533     48  7033.066     7042.399     7240.203
254  TVM+F+R4      3467.969     50  7035.938     7046.097     7251.706
261  SYM           3854.701     42  7793.401     7800.484     7974.646
262  SYM+I         3620.972     43  7327.944     7335.378     7513.504
263  SYM+G4        3567.884     43  7221.768     7229.202     7407.329
264  SYM+I+G4      3561.330     44  7210.659     7218.454     7400.535
265  SYM+R2        3578.160     44  7244.320     7252.115     7434.195
266  SYM+R3        3557.646     46  7207.292     7215.837     7405.798
267  SYM+R4        3557.594     48  7211.188     7220.521     7418.325
274  GTR+F         3828.175     45  7746.350     7754.516     7940.541
275  GTR+F+I       3529.503     46  7151.005     7159.551     7349.512
276  GTR+F+G4      3462.821     46  7017.642     7026.187     7216.148
277  GTR+F+I+G4    3451.980     47  6997.959     7006.894     7200.781
278  GTR+F+R2      3476.072     47  7046.144     7055.078     7248.966
279  GTR+F+R3      3448.235     49  6994.470     7004.211     7205.922
280  GTR+F+R4      3448.177     51  6998.353     7008.940     7218.436
Akaike Information Criterion:           GTR+F+R3
Corrected Akaike Information Criterion: GTR+F+R3
Bayesian Information Criterion:         TIM2+F+I+G4
Best-fit model: TIM2+F+I+G4 chosen according to BIC

All model information printed to beetles_COII_data.fasta.model.gz
CPU time for ModelFinder: 45.796 seconds (0h:0m:45s)
Wall-clock time for ModelFinder: 23.373 seconds (0h:0m:23s)
Generating 1000 samples for ultrafast bootstrap (seed: 219955)...

NOTE: 1 MB RAM (0 GB) is required!
Measuring multi-threading efficiency up to 8 CPU cores
Increase to 10 rounds for branch lengths
1308 trees examined
Threads: 1 / Time: 8.000 sec / Speedup: 1.000 / Efficiency: 100% / LogL: -4083
Threads: 2 / Time: 4.986 sec / Speedup: 1.604 / Efficiency: 80% / LogL: -4083
Threads: 3 / Time: 5.183 sec / Speedup: 1.544 / Efficiency: 51% / LogL: -4083
Threads: 4 / Time: 6.347 sec / Speedup: 1.260 / Efficiency: 32% / LogL: -4083
BEST NUMBER OF THREADS: 2

Estimate model parameters (epsilon = 0.100)
Thoroughly optimizing +I+G parameters from 10 start values...
Init pinv, alpha: 0.000, 1.000 / Estimate: 0.000, 0.232 / LogL: -3465.600
Init pinv, alpha: 0.065, 1.000 / Estimate: 0.304, 0.361 / LogL: -3454.957
Init pinv, alpha: 0.131, 1.000 / Estimate: 0.303, 0.360 / LogL: -3454.970
Init pinv, alpha: 0.196, 1.000 / Estimate: 0.303, 0.360 / LogL: -3454.959
Init pinv, alpha: 0.261, 1.000 / Estimate: 0.308, 0.368 / LogL: -3454.905
Init pinv, alpha: 0.327, 1.000 / Estimate: 0.337, 0.402 / LogL: -3454.675
Init pinv, alpha: 0.392, 1.000 / Estimate: 0.379, 0.456 / LogL: -3454.661
Init pinv, alpha: 0.457, 1.000 / Estimate: 0.396, 0.478 / LogL: -3454.774
Init pinv, alpha: 0.522, 1.000 / Estimate: 0.402, 0.486 / LogL: -3454.836
Init pinv, alpha: 0.588, 1.000 / Estimate: 0.402, 0.485 / LogL: -3454.832
Optimal pinv,alpha: 0.379, 0.456 / LogL: -3454.661

Parameters optimization took 0.346 sec
Computing ML distances based on estimated model parameters... 0.003 sec
Computing BIONJ tree...
0.001 seconds
Log-likelihood of BIONJ tree: -3452.176
--------------------------------------------------------------------
|             INITIALIZING CANDIDATE TREE SET                      |
--------------------------------------------------------------------
Generating 98 parsimony trees... 0.059 second
Computing log-likelihood of 98 initial trees ... 0.112 seconds
Current best score: -3452.176

Do NNI search on 20 best initial trees
Estimate model parameters (epsilon = 0.100)
BETTER TREE FOUND at iteration 1: -3450.744
Estimate model parameters (epsilon = 0.100)
BETTER TREE FOUND at iteration 4: -3449.528
Iteration 10 / LogL: -3451.173 / Time: 0h:0m:25s
Iteration 20 / LogL: -3451.378 / Time: 0h:0m:25s
Finish initializing candidate tree set (6)
Current best tree score: -3449.528 / CPU time: 0.377
Number of iterations: 20
--------------------------------------------------------------------
|               OPTIMIZING CANDIDATE TREE SET                      |
--------------------------------------------------------------------
Estimate model parameters (epsilon = 0.100)
BETTER TREE FOUND at iteration 24: -3448.976
Iteration 30 / LogL: -3449.040 / Time: 0h:0m:25s (0h:1m:22s left)
Iteration 40 / LogL: -3449.571 / Time: 0h:0m:25s (0h:0m:55s left)
Iteration 50 / LogL: -3450.760 / Time: 0h:0m:25s (0h:0m:38s left)
Log-likelihood cutoff on original alignment: -3473.945
Iteration 60 / LogL: -3450.843 / Time: 0h:0m:25s (0h:0m:28s left)
Iteration 70 / LogL: -3450.077 / Time: 0h:0m:26s (0h:0m:20s left)
Iteration 80 / LogL: -3450.729 / Time: 0h:0m:26s (0h:0m:14s left)
Iteration 90 / LogL: -3450.186 / Time: 0h:0m:26s (0h:0m:10s left)
Iteration 100 / LogL: -3449.628 / Time: 0h:0m:26s (0h:0m:6s left)
Log-likelihood cutoff on original alignment: -3473.008
NOTE: Bootstrap correlation coefficient of split occurrence frequencies: 0.998
Iteration 110 / LogL: -3449.677 / Time: 0h:0m:26s (0h:0m:22s left)
Iteration 120 / LogL: -3450.966 / Time: 0h:0m:26s (0h:0m:18s left)
TREE SEARCH COMPLETED AFTER 125 ITERATIONS / Time: 0h:0m:27s

--------------------------------------------------------------------
|                    FINALIZING TREE SEARCH                        |
--------------------------------------------------------------------
Performs final model parameters optimization
Estimate model parameters (epsilon = 0.010)
1. Initial log-likelihood: -3448.976
Optimal log-likelihood: -3448.971
Rate parameters:  A-C: 5.05178  A-G: 13.38183  A-T: 5.05178  C-G: 1.00000  C-T: 45.47700  G-T: 1.00000
Base frequencies:  A: 0.351  C: 0.157  G: 0.111  T: 0.381
Proportion of invariable sites: 0.369
Gamma shape alpha: 0.427
Parameters optimization took 1 rounds (0.003 sec)
BEST SCORE FOUND : -3448.971
Creating bootstrap support values...
Split supports printed to NEXUS file beetles_COII_data.fasta.splits.nex
Total tree length: 3.217

Total number of iterations: 125
CPU time used for tree search: 4.135 sec (0h:0m:4s)
Wall-clock time used for tree search: 2.161 sec (0h:0m:2s)
Total CPU time used: 61.760 sec (0h:1m:1s)
Total wall-clock time used: 27.088 sec (0h:0m:27s)

Computing bootstrap consensus tree...
Reading input file beetles_COII_data.fasta.splits.nex...
20 taxa and 230 splits.
Consensus tree written to beetles_COII_data.fasta.contree
Reading input trees file beetles_COII_data.fasta.contree
Log-likelihood of consensus tree: -3448.971

Analysis results written to: 
  IQ-TREE report:                beetles_COII_data.fasta.iqtree
  Maximum-likelihood tree:       beetles_COII_data.fasta.treefile
  Likelihood distances:          beetles_COII_data.fasta.mldist

Ultrafast bootstrap approximation results written to:
  Split support values:          beetles_COII_data.fasta.splits.nex
  Consensus tree:                beetles_COII_data.fasta.contree
  Screen log file:               beetles_COII_data.fasta.log

Date and Time: Tue May  2 13:55:11 2023
